<?xml version="1.0" encoding="UTF-8"?>
<testng-results ignored="15" total="19" passed="4" failed="0" skipped="0">
  <reporter-output>
    <line>
      <![CDATA[Extent Report DirectoryC:\WebAhmed1\nike\target\surefire-reports\html]]>
    </line>
    <line>
      <![CDATA[Clicked on Sign In Button<br>]]>
    </line>
    <line>
      <![CDATA[Type On Email Field<br>]]>
    </line>
    <line>
      <![CDATA[Type On Password Field <br>]]>
    </line>
    <line>
      <![CDATA[Clicked on Sign In Button<br>]]>
    </line>
    <line>
      <![CDATA[Clicked on Sign In Button<br>]]>
    </line>
    <line>
      <![CDATA[Type On Email Field<br>]]>
    </line>
    <line>
      <![CDATA[Type On Password Field <br>]]>
    </line>
    <line>
      <![CDATA[Clicked on Sign In Button<br>]]>
    </line>
    <line>
      <![CDATA[Clicked on Sign In Button<br>]]>
    </line>
    <line>
      <![CDATA[Type On Email Field<br>]]>
    </line>
    <line>
      <![CDATA[Type On Password Field <br>]]>
    </line>
    <line>
      <![CDATA[Clicked on Sign In Button<br>]]>
    </line>
    <line>
      <![CDATA[Clicked on Join Us Button<br>]]>
    </line>
    <line>
      <![CDATA[Clicked on Join Us Button<br>]]>
    </line>
    <line>
      <![CDATA[email is displayed<br>]]>
    </line>
    <line>
      <![CDATA[Password is displayed<br>]]>
    </line>
    <line>
      <![CDATA[first name is displayed<br>]]>
    </line>
    <line>
      <![CDATA[last name is displayed<br>]]>
    </line>
    <line>
      <![CDATA[Data Of Birth is displayed<br>]]>
    </line>
  </reporter-output>
  <suite started-at="2020-11-30T23:36:04 PST" name="Selenium Test Suite" finished-at="2020-11-30T23:36:44 PST" duration-ms="40354">
    <groups>
    </groups>
    <test started-at="2020-11-30T23:36:04 PST" name="Automation tests" finished-at="2020-11-30T23:36:44 PST" duration-ms="40354">
      <class name="com.niketest.HomePageValidations">
        <test-method is-config="true" signature="extentSetup(org.testng.ITestContext)[pri:0, instance:com.niketest.HomePageValidations@141e5bef]" started-at="2020-11-30T23:36:04 PST" name="extentSetup" finished-at="2020-11-30T23:36:04 PST" duration-ms="73" status="PASS">
          <params>
            <param index="0">
              <value>
                <![CDATA[org.testng.TestRunner@37e0292a]]>
              </value>
            </param>
          </params>
          <reporter-output>
            <line>
              <![CDATA[Extent Report DirectoryC:\WebAhmed1\nike\target\surefire-reports\html]]>
            </line>
          </reporter-output>
        </test-method> <!-- extentSetup -->
        <test-method is-config="true" signature="generateReport()[pri:0, instance:com.niketest.HomePageValidations@141e5bef]" started-at="2020-11-30T23:36:44 PST" name="generateReport" finished-at="2020-11-30T23:36:44 PST" duration-ms="31" status="PASS">
          <reporter-output>
          </reporter-output>
        </test-method> <!-- generateReport -->
      </class> <!-- com.niketest.HomePageValidations -->
      <class name="com.niketest.LoginPageValidations">
        <test-method is-config="true" signature="setupDriver(java.lang.String, java.lang.String, java.lang.String, boolean, java.lang.String, java.lang.String)[pri:0, instance:com.niketest.LoginPageValidations@5f9be66c]" started-at="2020-11-30T23:36:04 PST" name="setupDriver" finished-at="2020-11-30T23:36:11 PST" duration-ms="7481" status="PASS">
          <params>
            <param index="0">
              <value>
                <![CDATA[windows]]>
              </value>
            </param>
            <param index="1">
              <value>
                <![CDATA[https://www.nike.com/]]>
              </value>
            </param>
            <param index="2">
              <value>
                <![CDATA[chrome]]>
              </value>
            </param>
            <param index="3">
              <value>
                <![CDATA[false]]>
              </value>
            </param>
            <param index="4">
              <value>
                <![CDATA[85.0]]>
              </value>
            </param>
            <param index="5">
              <value>
                <![CDATA[browserstack]]>
              </value>
            </param>
          </params>
          <reporter-output>
          </reporter-output>
        </test-method> <!-- setupDriver -->
        <test-method is-config="true" signature="startExtent(java.lang.reflect.Method)[pri:0, instance:com.niketest.LoginPageValidations@5f9be66c]" started-at="2020-11-30T23:36:11 PST" name="startExtent" finished-at="2020-11-30T23:36:11 PST" duration-ms="4" status="PASS">
          <params>
            <param index="0">
              <value>
                <![CDATA[public void com.niketest.LoginPageValidations.validateUserBeingAbleToLogin(java.lang.String,java.lang.String)]]>
              </value>
            </param>
          </params>
          <reporter-output>
          </reporter-output>
        </test-method> <!-- startExtent -->
        <test-method signature="validateUserBeingAbleToLogin(java.lang.String, java.lang.String)[pri:0, instance:com.niketest.LoginPageValidations@5f9be66c]" started-at="2020-11-30T23:36:11 PST" name="validateUserBeingAbleToLogin" data-provider="credentials" finished-at="2020-11-30T23:36:12 PST" duration-ms="1288" status="PASS">
          <params>
            <param index="0">
              <value>
                <![CDATA[alnassiryahmed5@gmail.com]]>
              </value>
            </param>
            <param index="1">
              <value>
                <![CDATA[Test1234]]>
              </value>
            </param>
          </params>
          <reporter-output>
            <line>
              <![CDATA[Clicked on Sign In Button<br>]]>
            </line>
            <line>
              <![CDATA[Type On Email Field<br>]]>
            </line>
            <line>
              <![CDATA[Type On Password Field <br>]]>
            </line>
            <line>
              <![CDATA[Clicked on Sign In Button<br>]]>
            </line>
          </reporter-output>
        </test-method> <!-- validateUserBeingAbleToLogin -->
        <test-method is-config="true" signature="afterEachTestMethod(org.testng.ITestResult)[pri:0, instance:com.niketest.LoginPageValidations@5f9be66c]" started-at="2020-11-30T23:36:12 PST" name="afterEachTestMethod" finished-at="2020-11-30T23:36:13 PST" duration-ms="177" status="PASS">
          <params>
            <param index="0">
              <value>
                <![CDATA[[TestResult name=validateUserBeingAbleToLogin status=SUCCESS method=LoginPageValidations.validateUserBeingAbleToLogin(java.lang.String, java.lang.String)[pri:0, instance:com.niketest.LoginPageValidations@5f9be66c] output=Clicked on Sign In Button<br>]]]>
              </value>
            </param>
          </params>
          <reporter-output>
          </reporter-output>
        </test-method> <!-- afterEachTestMethod -->
        <test-method is-config="true" signature="cleanUp()[pri:0, instance:com.niketest.LoginPageValidations@5f9be66c]" started-at="2020-11-30T23:36:13 PST" name="cleanUp" finished-at="2020-11-30T23:36:13 PST" duration-ms="690" status="PASS">
          <reporter-output>
          </reporter-output>
        </test-method> <!-- cleanUp -->
        <test-method is-config="true" signature="setupDriver(java.lang.String, java.lang.String, java.lang.String, boolean, java.lang.String, java.lang.String)[pri:0, instance:com.niketest.LoginPageValidations@5f9be66c]" started-at="2020-11-30T23:36:13 PST" name="setupDriver" finished-at="2020-11-30T23:36:21 PST" duration-ms="7414" status="PASS">
          <params>
            <param index="0">
              <value>
                <![CDATA[windows]]>
              </value>
            </param>
            <param index="1">
              <value>
                <![CDATA[https://www.nike.com/]]>
              </value>
            </param>
            <param index="2">
              <value>
                <![CDATA[chrome]]>
              </value>
            </param>
            <param index="3">
              <value>
                <![CDATA[false]]>
              </value>
            </param>
            <param index="4">
              <value>
                <![CDATA[85.0]]>
              </value>
            </param>
            <param index="5">
              <value>
                <![CDATA[browserstack]]>
              </value>
            </param>
          </params>
          <reporter-output>
          </reporter-output>
        </test-method> <!-- setupDriver -->
        <test-method signature="validateUserBeingAbleToLogin(java.lang.String, java.lang.String)[pri:0, instance:com.niketest.LoginPageValidations@5f9be66c]" started-at="2020-11-30T23:36:21 PST" name="validateUserBeingAbleToLogin" data-provider="credentials" finished-at="2020-11-30T23:36:22 PST" duration-ms="1544" status="PASS">
          <params>
            <param index="0">
              <value>
                <![CDATA[testuser002]]>
              </value>
            </param>
            <param index="1">
              <value>
                <![CDATA[testpass002]]>
              </value>
            </param>
          </params>
          <reporter-output>
            <line>
              <![CDATA[Clicked on Sign In Button<br>]]>
            </line>
            <line>
              <![CDATA[Type On Email Field<br>]]>
            </line>
            <line>
              <![CDATA[Type On Password Field <br>]]>
            </line>
            <line>
              <![CDATA[Clicked on Sign In Button<br>]]>
            </line>
          </reporter-output>
        </test-method> <!-- validateUserBeingAbleToLogin -->
        <test-method is-config="true" signature="startExtent(java.lang.reflect.Method)[pri:0, instance:com.niketest.LoginPageValidations@5f9be66c]" started-at="2020-11-30T23:36:21 PST" name="startExtent" finished-at="2020-11-30T23:36:21 PST" duration-ms="0" status="PASS">
          <params>
            <param index="0">
              <value>
                <![CDATA[public void com.niketest.LoginPageValidations.validateUserBeingAbleToLogin(java.lang.String,java.lang.String)]]>
              </value>
            </param>
          </params>
          <reporter-output>
          </reporter-output>
        </test-method> <!-- startExtent -->
        <test-method is-config="true" signature="afterEachTestMethod(org.testng.ITestResult)[pri:0, instance:com.niketest.LoginPageValidations@5f9be66c]" started-at="2020-11-30T23:36:22 PST" name="afterEachTestMethod" finished-at="2020-11-30T23:36:22 PST" duration-ms="42" status="PASS">
          <params>
            <param index="0">
              <value>
                <![CDATA[[TestResult name=validateUserBeingAbleToLogin status=SUCCESS method=LoginPageValidations.validateUserBeingAbleToLogin(java.lang.String, java.lang.String)[pri:0, instance:com.niketest.LoginPageValidations@5f9be66c] output=Clicked on Sign In Button<br>]]]>
              </value>
            </param>
          </params>
          <reporter-output>
          </reporter-output>
        </test-method> <!-- afterEachTestMethod -->
        <test-method is-config="true" signature="cleanUp()[pri:0, instance:com.niketest.LoginPageValidations@5f9be66c]" started-at="2020-11-30T23:36:22 PST" name="cleanUp" finished-at="2020-11-30T23:36:23 PST" duration-ms="683" status="PASS">
          <reporter-output>
          </reporter-output>
        </test-method> <!-- cleanUp -->
        <test-method is-config="true" signature="setupDriver(java.lang.String, java.lang.String, java.lang.String, boolean, java.lang.String, java.lang.String)[pri:0, instance:com.niketest.LoginPageValidations@5f9be66c]" started-at="2020-11-30T23:36:23 PST" name="setupDriver" finished-at="2020-11-30T23:36:31 PST" duration-ms="7506" status="PASS">
          <params>
            <param index="0">
              <value>
                <![CDATA[windows]]>
              </value>
            </param>
            <param index="1">
              <value>
                <![CDATA[https://www.nike.com/]]>
              </value>
            </param>
            <param index="2">
              <value>
                <![CDATA[chrome]]>
              </value>
            </param>
            <param index="3">
              <value>
                <![CDATA[false]]>
              </value>
            </param>
            <param index="4">
              <value>
                <![CDATA[85.0]]>
              </value>
            </param>
            <param index="5">
              <value>
                <![CDATA[browserstack]]>
              </value>
            </param>
          </params>
          <reporter-output>
          </reporter-output>
        </test-method> <!-- setupDriver -->
        <test-method is-config="true" signature="startExtent(java.lang.reflect.Method)[pri:0, instance:com.niketest.LoginPageValidations@5f9be66c]" started-at="2020-11-30T23:36:31 PST" name="startExtent" finished-at="2020-11-30T23:36:31 PST" duration-ms="1" status="PASS">
          <params>
            <param index="0">
              <value>
                <![CDATA[public void com.niketest.LoginPageValidations.validateUserBeingAbleToLogin(java.lang.String,java.lang.String)]]>
              </value>
            </param>
          </params>
          <reporter-output>
          </reporter-output>
        </test-method> <!-- startExtent -->
        <test-method signature="validateUserBeingAbleToLogin(java.lang.String, java.lang.String)[pri:0, instance:com.niketest.LoginPageValidations@5f9be66c]" started-at="2020-11-30T23:36:31 PST" name="validateUserBeingAbleToLogin" data-provider="credentials" finished-at="2020-11-30T23:36:32 PST" duration-ms="1245" status="PASS">
          <params>
            <param index="0">
              <value>
                <![CDATA[testuser003]]>
              </value>
            </param>
            <param index="1">
              <value>
                <![CDATA[testpass003]]>
              </value>
            </param>
          </params>
          <reporter-output>
            <line>
              <![CDATA[Clicked on Sign In Button<br>]]>
            </line>
            <line>
              <![CDATA[Type On Email Field<br>]]>
            </line>
            <line>
              <![CDATA[Type On Password Field <br>]]>
            </line>
            <line>
              <![CDATA[Clicked on Sign In Button<br>]]>
            </line>
          </reporter-output>
        </test-method> <!-- validateUserBeingAbleToLogin -->
        <test-method is-config="true" signature="afterEachTestMethod(org.testng.ITestResult)[pri:0, instance:com.niketest.LoginPageValidations@5f9be66c]" started-at="2020-11-30T23:36:32 PST" name="afterEachTestMethod" finished-at="2020-11-30T23:36:32 PST" duration-ms="27" status="PASS">
          <params>
            <param index="0">
              <value>
                <![CDATA[[TestResult name=validateUserBeingAbleToLogin status=SUCCESS method=LoginPageValidations.validateUserBeingAbleToLogin(java.lang.String, java.lang.String)[pri:0, instance:com.niketest.LoginPageValidations@5f9be66c] output=Clicked on Sign In Button<br>]]]>
              </value>
            </param>
          </params>
          <reporter-output>
          </reporter-output>
        </test-method> <!-- afterEachTestMethod -->
        <test-method is-config="true" signature="cleanUp()[pri:0, instance:com.niketest.LoginPageValidations@5f9be66c]" started-at="2020-11-30T23:36:32 PST" name="cleanUp" finished-at="2020-11-30T23:36:32 PST" duration-ms="672" status="PASS">
          <reporter-output>
          </reporter-output>
        </test-method> <!-- cleanUp -->
      </class> <!-- com.niketest.LoginPageValidations -->
      <class name="com.niketest.JoinPageValidations">
        <test-method is-config="true" signature="setupDriver(java.lang.String, java.lang.String, java.lang.String, boolean, java.lang.String, java.lang.String)[pri:0, instance:com.niketest.JoinPageValidations@3abada5a]" started-at="2020-11-30T23:36:32 PST" name="setupDriver" finished-at="2020-11-30T23:36:40 PST" duration-ms="7246" status="PASS">
          <params>
            <param index="0">
              <value>
                <![CDATA[windows]]>
              </value>
            </param>
            <param index="1">
              <value>
                <![CDATA[https://www.nike.com/]]>
              </value>
            </param>
            <param index="2">
              <value>
                <![CDATA[chrome]]>
              </value>
            </param>
            <param index="3">
              <value>
                <![CDATA[false]]>
              </value>
            </param>
            <param index="4">
              <value>
                <![CDATA[85.0]]>
              </value>
            </param>
            <param index="5">
              <value>
                <![CDATA[browserstack]]>
              </value>
            </param>
          </params>
          <reporter-output>
          </reporter-output>
        </test-method> <!-- setupDriver -->
        <test-method is-config="true" signature="startExtent(java.lang.reflect.Method)[pri:0, instance:com.niketest.JoinPageValidations@3abada5a]" started-at="2020-11-30T23:36:40 PST" name="startExtent" finished-at="2020-11-30T23:36:40 PST" duration-ms="0" status="PASS">
          <params>
            <param index="0">
              <value>
                <![CDATA[public void com.niketest.JoinPageValidations.fieldValidationOnJoinUsPage()]]>
              </value>
            </param>
          </params>
          <reporter-output>
          </reporter-output>
        </test-method> <!-- startExtent -->
        <test-method signature="fieldValidationOnJoinUsPage()[pri:0, instance:com.niketest.JoinPageValidations@3abada5a]" started-at="2020-11-30T23:36:40 PST" name="fieldValidationOnJoinUsPage" finished-at="2020-11-30T23:36:43 PST" duration-ms="3569" status="PASS">
          <reporter-output>
            <line>
              <![CDATA[Clicked on Join Us Button<br>]]>
            </line>
            <line>
              <![CDATA[Clicked on Join Us Button<br>]]>
            </line>
            <line>
              <![CDATA[email is displayed<br>]]>
            </line>
            <line>
              <![CDATA[Password is displayed<br>]]>
            </line>
            <line>
              <![CDATA[first name is displayed<br>]]>
            </line>
            <line>
              <![CDATA[last name is displayed<br>]]>
            </line>
            <line>
              <![CDATA[Data Of Birth is displayed<br>]]>
            </line>
          </reporter-output>
        </test-method> <!-- fieldValidationOnJoinUsPage -->
        <test-method is-config="true" signature="afterEachTestMethod(org.testng.ITestResult)[pri:0, instance:com.niketest.JoinPageValidations@3abada5a]" started-at="2020-11-30T23:36:43 PST" name="afterEachTestMethod" finished-at="2020-11-30T23:36:43 PST" duration-ms="35" status="PASS">
          <params>
            <param index="0">
              <value>
                <![CDATA[[TestResult name=fieldValidationOnJoinUsPage status=SUCCESS method=JoinPageValidations.fieldValidationOnJoinUsPage()[pri:0, instance:com.niketest.JoinPageValidations@3abada5a] output=Clicked on Join Us Button<br>]]]>
              </value>
            </param>
          </params>
          <reporter-output>
          </reporter-output>
        </test-method> <!-- afterEachTestMethod -->
        <test-method is-config="true" signature="cleanUp()[pri:0, instance:com.niketest.JoinPageValidations@3abada5a]" started-at="2020-11-30T23:36:43 PST" name="cleanUp" finished-at="2020-11-30T23:36:44 PST" duration-ms="706" status="PASS">
          <reporter-output>
          </reporter-output>
        </test-method> <!-- cleanUp -->
      </class> <!-- com.niketest.JoinPageValidations -->
    </test> <!-- Automation tests -->
  </suite> <!-- Selenium Test Suite -->
</testng-results>
