<?xml version="1.0" encoding="UTF-8"?>
<testsuite xmlns:xsi="http://www.w3.org/2001/XMLSchema-instance" xsi:noNamespaceSchemaLocation="https://maven.apache.org/surefire/maven-surefire-plugin/xsd/surefire-test-report-3.0.xsd" version="3.0" name="TestSuite" time="14.853" tests="10" errors="0" skipped="9" failures="1">
  <properties>
[...]
</properties>
  <testcase name="setupDriver" classname="com.niketest.HelpPageValidations" time="14.528">
    <failure message="session not created&#10;from chrome not reachable&#10;  (Session info: chrome=86.0.4240.198)&#10;Build info: version: &apos;3.141.59&apos;, revision: &apos;e82be7d358&apos;, time: &apos;2018-11-14T08:17:03&apos;&#10;System info: host: &apos;DESKTOP-E8F4LHE&apos;, ip: &apos;192.168.1.18&apos;, os.name: &apos;Windows 10&apos;, os.arch: &apos;amd64&apos;, os.version: &apos;10.0&apos;, java.version: &apos;11.0.8&apos;&#10;Driver info: driver.version: ChromeDriver&#10;remote stacktrace: Backtrace:&#10;	Ordinal0 [0x009BC013+3194899]&#10;	Ordinal0 [0x008A6021+2056225]&#10;	Ordinal0 [0x0073F4B0+586928]&#10;	Ordinal0 [0x00735894+546964]&#10;	Ordinal0 [0x00735F2C+548652]&#10;	Ordinal0 [0x00737175+553333]&#10;	Ordinal0 [0x0073241E+533534]&#10;	Ordinal0 [0x00740620+591392]&#10;	Ordinal0 [0x006E2A0C+207372]&#10;	Ordinal0 [0x006E1D0D+204045]&#10;	Ordinal0 [0x006DFC1B+195611]&#10;	Ordinal0 [0x006C3B7F+80767]&#10;	Ordinal0 [0x006C4B4E+84814]&#10;	Ordinal0 [0x006C4AD9+84697]&#10;	Ordinal0 [0x008BCE64+2149988]&#10;	GetHandleVerifier [0x00B2BE95+1400773]&#10;	GetHandleVerifier [0x00B2BB61+1399953]&#10;	GetHandleVerifier [0x00B331FA+1430314]&#10;	GetHandleVerifier [0x00B2C69F+1402831]&#10;	Ordinal0 [0x008B3D61+2112865]&#10;	Ordinal0 [0x008BE5CB+2155979]&#10;	Ordinal0 [0x008BE6F5+2156277]&#10;	Ordinal0 [0x008CF26E+2224750]&#10;	BaseThreadInitThunk [0x753F6359+25]&#10;	RtlGetAppContainerNamedObjectPath [0x778D8944+228]&#10;	RtlGetAppContainerNamedObjectPath [0x778D8914+180]&#10;" type="org.openqa.selenium.SessionNotCreatedException">org.openqa.selenium.SessionNotCreatedException: 
session not created
from chrome not reachable
  (Session info: chrome=86.0.4240.198)
Build info: version: '3.141.59', revision: 'e82be7d358', time: '2018-11-14T08:17:03'
System info: host: 'DESKTOP-E8F4LHE', ip: '192.168.1.18', os.name: 'Windows 10', os.arch: 'amd64', os.version: '10.0', java.version: '11.0.8'
Driver info: driver.version: ChromeDriver
remote stacktrace: Backtrace:
	Ordinal0 [0x009BC013+3194899]
	Ordinal0 [0x008A6021+2056225]
	Ordinal0 [0x0073F4B0+586928]
	Ordinal0 [0x00735894+546964]
	Ordinal0 [0x00735F2C+548652]
	Ordinal0 [0x00737175+553333]
	Ordinal0 [0x0073241E+533534]
	Ordinal0 [0x00740620+591392]
	Ordinal0 [0x006E2A0C+207372]
	Ordinal0 [0x006E1D0D+204045]
	Ordinal0 [0x006DFC1B+195611]
	Ordinal0 [0x006C3B7F+80767]
	Ordinal0 [0x006C4B4E+84814]
	Ordinal0 [0x006C4AD9+84697]
	Ordinal0 [0x008BCE64+2149988]
	GetHandleVerifier [0x00B2BE95+1400773]
	GetHandleVerifier [0x00B2BB61+1399953]
	GetHandleVerifier [0x00B331FA+1430314]
	GetHandleVerifier [0x00B2C69F+1402831]
	Ordinal0 [0x008B3D61+2112865]
	Ordinal0 [0x008BE5CB+2155979]
	Ordinal0 [0x008BE6F5+2156277]
	Ordinal0 [0x008CF26E+2224750]
	BaseThreadInitThunk [0x753F6359+25]
	RtlGetAppContainerNamedObjectPath [0x778D8944+228]
	RtlGetAppContainerNamedObjectPath [0x778D8914+180]

</failure>
    <system-out><![CDATA[[TestNGContentHandler] [WARN] It is strongly recommended to add "<!DOCTYPE suite SYSTEM "https://testng.org/testng-1.0.dtd" >" at the top of your file, otherwise TestNG may fail or not work as expected.
Extent Report DirectoryC:\WebAhmed1\nike\target\surefire-reports\html
]]></system-out>
    <system-err><![CDATA[Starting ChromeDriver 86.0.4240.22 (398b0743353ff36fb1b82468f63a3a93b4e2e89e-refs/branch-heads/4240@{#378}) on port 11096
Only local connections are allowed.
Please see https://chromedriver.chromium.org/security-considerations for suggestions on keeping ChromeDriver safe.
ChromeDriver was started successfully.
[1607180065.271][WARNING]: Timed out connecting to Chrome, retrying...
]]></system-err>
  </testcase>
  <testcase name="setupDriver" classname="com.niketest.HelpPageValidations" time="0">
    <skipped/>
  </testcase>
  <testcase name="startExtent" classname="com.niketest.HelpPageValidations" time="0">
    <skipped/>
  </testcase>
  <testcase name="startExtent" classname="com.niketest.HelpPageValidations" time="0">
    <skipped/>
  </testcase>
  <testcase name="validateUserBeingAleToMoveMoseHoverToPrivacyPolicy" classname="com.niketest.HelpPageValidations" time="0">
    <skipped message="session not created&#10;from chrome not reachable&#10;  (Session info: chrome=86.0.4240.198)&#10;Build info: version: &apos;3.141.59&apos;, revision: &apos;e82be7d358&apos;, time: &apos;2018-11-14T08:17:03&apos;&#10;System info: host: &apos;DESKTOP-E8F4LHE&apos;, ip: &apos;192.168.1.18&apos;, os.name: &apos;Windows 10&apos;, os.arch: &apos;amd64&apos;, os.version: &apos;10.0&apos;, java.version: &apos;11.0.8&apos;&#10;Driver info: driver.version: ChromeDriver&#10;remote stacktrace: Backtrace:&#10;	Ordinal0 [0x009BC013+3194899]&#10;	Ordinal0 [0x008A6021+2056225]&#10;	Ordinal0 [0x0073F4B0+586928]&#10;	Ordinal0 [0x00735894+546964]&#10;	Ordinal0 [0x00735F2C+548652]&#10;	Ordinal0 [0x00737175+553333]&#10;	Ordinal0 [0x0073241E+533534]&#10;	Ordinal0 [0x00740620+591392]&#10;	Ordinal0 [0x006E2A0C+207372]&#10;	Ordinal0 [0x006E1D0D+204045]&#10;	Ordinal0 [0x006DFC1B+195611]&#10;	Ordinal0 [0x006C3B7F+80767]&#10;	Ordinal0 [0x006C4B4E+84814]&#10;	Ordinal0 [0x006C4AD9+84697]&#10;	Ordinal0 [0x008BCE64+2149988]&#10;	GetHandleVerifier [0x00B2BE95+1400773]&#10;	GetHandleVerifier [0x00B2BB61+1399953]&#10;	GetHandleVerifier [0x00B331FA+1430314]&#10;	GetHandleVerifier [0x00B2C69F+1402831]&#10;	Ordinal0 [0x008B3D61+2112865]&#10;	Ordinal0 [0x008BE5CB+2155979]&#10;	Ordinal0 [0x008BE6F5+2156277]&#10;	Ordinal0 [0x008CF26E+2224750]&#10;	BaseThreadInitThunk [0x753F6359+25]&#10;	RtlGetAppContainerNamedObjectPath [0x778D8944+228]&#10;	RtlGetAppContainerNamedObjectPath [0x778D8914+180]&#10;"/>
  </testcase>
  <testcase name="afterEachTestMethod" classname="com.niketest.HelpPageValidations" time="0">
    <skipped/>
  </testcase>
  <testcase name="afterEachTestMethod" classname="com.niketest.HelpPageValidations" time="0">
    <skipped/>
  </testcase>
  <testcase name="cleanUp" classname="com.niketest.HelpPageValidations" time="0">
    <skipped/>
  </testcase>
  <testcase name="cleanUp" classname="com.niketest.HelpPageValidations" time="0">
    <skipped/>
  </testcase>
  <testcase name="validateUserBeingAleToTypeOnSearchBar" classname="com.niketest.HelpPageValidations" time="0">
    <skipped message="session not created&#10;from chrome not reachable&#10;  (Session info: chrome=86.0.4240.198)&#10;Build info: version: &apos;3.141.59&apos;, revision: &apos;e82be7d358&apos;, time: &apos;2018-11-14T08:17:03&apos;&#10;System info: host: &apos;DESKTOP-E8F4LHE&apos;, ip: &apos;192.168.1.18&apos;, os.name: &apos;Windows 10&apos;, os.arch: &apos;amd64&apos;, os.version: &apos;10.0&apos;, java.version: &apos;11.0.8&apos;&#10;Driver info: driver.version: ChromeDriver&#10;remote stacktrace: Backtrace:&#10;	Ordinal0 [0x009BC013+3194899]&#10;	Ordinal0 [0x008A6021+2056225]&#10;	Ordinal0 [0x0073F4B0+586928]&#10;	Ordinal0 [0x00735894+546964]&#10;	Ordinal0 [0x00735F2C+548652]&#10;	Ordinal0 [0x00737175+553333]&#10;	Ordinal0 [0x0073241E+533534]&#10;	Ordinal0 [0x00740620+591392]&#10;	Ordinal0 [0x006E2A0C+207372]&#10;	Ordinal0 [0x006E1D0D+204045]&#10;	Ordinal0 [0x006DFC1B+195611]&#10;	Ordinal0 [0x006C3B7F+80767]&#10;	Ordinal0 [0x006C4B4E+84814]&#10;	Ordinal0 [0x006C4AD9+84697]&#10;	Ordinal0 [0x008BCE64+2149988]&#10;	GetHandleVerifier [0x00B2BE95+1400773]&#10;	GetHandleVerifier [0x00B2BB61+1399953]&#10;	GetHandleVerifier [0x00B331FA+1430314]&#10;	GetHandleVerifier [0x00B2C69F+1402831]&#10;	Ordinal0 [0x008B3D61+2112865]&#10;	Ordinal0 [0x008BE5CB+2155979]&#10;	Ordinal0 [0x008BE6F5+2156277]&#10;	Ordinal0 [0x008CF26E+2224750]&#10;	BaseThreadInitThunk [0x753F6359+25]&#10;	RtlGetAppContainerNamedObjectPath [0x778D8944+228]&#10;	RtlGetAppContainerNamedObjectPath [0x778D8914+180]&#10;"/>
  </testcase>
</testsuite>