<?xml version="1.0" encoding="UTF-8"?>
<!-- Generated by org.testng.reporters.JUnitXMLReporter -->
<testsuite ignored="15" hostname="DESKTOP-E8F4LHE" failures="0" tests="4" name="Automation tests" time="40.354" errors="0" timestamp="2020-11-30T23:36:44 PST">
  <testcase classname="com.niketest.LoginPageValidations" name="validateUserBeingAbleToLogin" time="1.288"/>
  <testcase classname="com.niketest.LoginPageValidations" name="validateUserBeingAbleToLogin" time="1.544"/>
  <testcase classname="com.niketest.LoginPageValidations" name="validateUserBeingAbleToLogin" time="1.245"/>
  <testcase classname="com.niketest.JoinPageValidations" name="fieldValidationOnJoinUsPage" time="3.569"/>
  <testcase classname="com.niketest.HomePageValidations" name="validateUserBeingAbleToSearchForAnItem" time="0.0">
    <ignored/>
  </testcase> <!-- validateUserBeingAbleToSearchForAnItem -->
  <testcase classname="com.niketest.HomePageValidations" name="validateUserCanClickOnRealeaseButton" time="0.0">
    <ignored/>
  </testcase> <!-- validateUserCanClickOnRealeaseButton -->
  <testcase classname="com.niketest.LoginPageValidations" name="validateUserBeingAleToClickOnJoinUsBtn" time="0.0">
    <ignored/>
  </testcase> <!-- validateUserBeingAleToClickOnJoinUsBtn -->
  <testcase classname="com.base.TestBase" name="@BeforeSuite extentSetup" time="0.0">
    <ignored/>
  </testcase> <!-- @BeforeSuite extentSetup -->
  <testcase classname="com.base.TestBase" name="@BeforeSuite extentSetup" time="0.0">
    <ignored/>
  </testcase> <!-- @BeforeSuite extentSetup -->
  <testcase classname="com.niketest.JoinPageValidations" name="fieldValidationOnJoinUsPageSofAss" time="0.0">
    <ignored/>
  </testcase> <!-- fieldValidationOnJoinUsPageSofAss -->
  <testcase classname="com.niketest.LoginPageValidations" name="fieldValidationOnLogInPageSofAss" time="0.0">
    <ignored/>
  </testcase> <!-- fieldValidationOnLogInPageSofAss -->
  <testcase classname="com.niketest.HomePageValidations" name="validateUserBeingAleToToSeeForYouandYourCrew" time="0.0">
    <ignored/>
  </testcase> <!-- validateUserBeingAleToToSeeForYouandYourCrew -->
  <testcase classname="com.niketest.JoinPageValidations" name="sendDatafieldJoinUsPage" time="0.0">
    <ignored/>
  </testcase> <!-- sendDatafieldJoinUsPage -->
  <testcase classname="com.niketest.JoinPageValidations" name="validateUserBeingAleToClickOnJoinUsBtn" time="0.0">
    <ignored/>
  </testcase> <!-- validateUserBeingAleToClickOnJoinUsBtn -->
  <testcase classname="com.niketest.HomePageValidations" name="validateUserBeingAleToClickOnJoinUsBtn" time="0.0">
    <ignored/>
  </testcase> <!-- validateUserBeingAleToClickOnJoinUsBtn -->
  <testcase classname="com.niketest.JoinPageValidations" name="validateUserBeingAleToClickOnSearchBtn" time="0.0">
    <ignored/>
  </testcase> <!-- validateUserBeingAleToClickOnSearchBtn -->
  <testcase classname="com.niketest.HomePageValidations" name="validateUserBeingAleToClickOnSearchBtn" time="0.0">
    <ignored/>
  </testcase> <!-- validateUserBeingAleToClickOnSearchBtn -->
  <testcase classname="com.base.TestBase" name="@AfterSuite generateReport" time="0.0">
    <ignored/>
  </testcase> <!-- @AfterSuite generateReport -->
  <testcase classname="com.base.TestBase" name="@AfterSuite generateReport" time="0.0">
    <ignored/>
  </testcase> <!-- @AfterSuite generateReport -->
</testsuite> <!-- Automation tests -->
